<?xml version="1.0" encoding="UTF-8"?>
<!-- Generated by org.testng.reporters.JUnitReportReporter -->
<testsuite hostname="DESKTOP-CKB2PF8" failures="0" tests="1" name="com.opensource.qa.NewTest" time="3.663" errors="0" timestamp="25 feb. 2022 21:56:08 GMT" skipped="0">
  <testcase classname="com.opensource.qa.NewTest" name="f" time="3.663"/>
</testsuite> <!-- com.opensource.qa.NewTest -->
