<?xml version="1.0" encoding="UTF-8"?>
<!-- Generated by org.testng.reporters.JUnitReportReporter -->
<testsuite hostname="DESKTOP-CKB2PF8" failures="0" tests="1" name="com.google.FirstTest" time="7.823" errors="0" timestamp="18 abr. 2023 22:59:08 GMT" skipped="0">
  <testcase classname="com.google.FirstTest" name="googleTest" time="7.823"/>
</testsuite> <!-- com.google.FirstTest -->
