<?xml version="1.0" encoding="UTF-8"?>
<!-- Generated by org.testng.reporters.JUnitReportReporter -->
<testsuite hostname="DESKTOP-CKB2PF8" failures="0" tests="1" name="com.opensource.qa.Ejercicio2" time="4.386" errors="0" timestamp="25 feb. 2022 22:29:14 GMT" skipped="0">
  <testcase classname="com.opensource.qa.Ejercicio2" name="f" time="4.386"/>
</testsuite> <!-- com.opensource.qa.Ejercicio2 -->
